c:\users\praba\source\repos\maze\maze\x64\debug\vc143.pdb
c:\users\praba\source\repos\maze\maze\x64\debug\vc143.idb
c:\users\praba\source\repos\maze\maze\x64\debug\glad.obj
c:\users\praba\source\repos\maze\maze\x64\debug\main.obj
c:\users\praba\source\repos\maze\maze\x64\debug\dfs_mazegeneration.obj
c:\users\praba\source\repos\maze\maze\x64\debug\constants.obj
c:\users\praba\source\repos\maze\maze\x64\debug\mazesolver.obj
c:\users\praba\source\repos\maze\maze\x64\debug\mazegenerator.obj
c:\users\praba\source\repos\maze\maze\x64\debug\mazedata].obj
c:\users\praba\source\repos\maze\x64\debug\maze.exe
c:\users\praba\source\repos\maze\x64\debug\maze.pdb
c:\users\praba\source\repos\maze\maze\x64\debug\maze.ilk
c:\users\praba\source\repos\maze\maze\x64\debug\maze.tlog\cl.command.1.tlog
c:\users\praba\source\repos\maze\maze\x64\debug\maze.tlog\cl.items.tlog
c:\users\praba\source\repos\maze\maze\x64\debug\maze.tlog\cl.read.1.tlog
c:\users\praba\source\repos\maze\maze\x64\debug\maze.tlog\cl.write.1.tlog
c:\users\praba\source\repos\maze\maze\x64\debug\maze.tlog\link-cvtres.read.1.tlog
c:\users\praba\source\repos\maze\maze\x64\debug\maze.tlog\link-cvtres.write.1.tlog
c:\users\praba\source\repos\maze\maze\x64\debug\maze.tlog\link-rc.read.1.tlog
c:\users\praba\source\repos\maze\maze\x64\debug\maze.tlog\link-rc.write.1.tlog
c:\users\praba\source\repos\maze\maze\x64\debug\maze.tlog\link.34148-cvtres.read.1.tlog
c:\users\praba\source\repos\maze\maze\x64\debug\maze.tlog\link.34148-cvtres.write.1.tlog
c:\users\praba\source\repos\maze\maze\x64\debug\maze.tlog\link.34148-rc.read.1.tlog
c:\users\praba\source\repos\maze\maze\x64\debug\maze.tlog\link.34148-rc.write.1.tlog
c:\users\praba\source\repos\maze\maze\x64\debug\maze.tlog\link.34148.read.1.tlog
c:\users\praba\source\repos\maze\maze\x64\debug\maze.tlog\link.34148.read.2.tlog
c:\users\praba\source\repos\maze\maze\x64\debug\maze.tlog\link.34148.write.1.tlog
c:\users\praba\source\repos\maze\maze\x64\debug\maze.tlog\link.command.1.tlog
c:\users\praba\source\repos\maze\maze\x64\debug\maze.tlog\link.read.1.tlog
c:\users\praba\source\repos\maze\maze\x64\debug\maze.tlog\link.read.2.tlog
c:\users\praba\source\repos\maze\maze\x64\debug\maze.tlog\link.read.3.tlog
c:\users\praba\source\repos\maze\maze\x64\debug\maze.tlog\link.secondary.1.tlog
c:\users\praba\source\repos\maze\maze\x64\debug\maze.tlog\link.write.1.tlog
